V2rayNG/macrobenchmark/build/intermediates/manifest_merge_blame_file/fdroidBenchmark/processFdroidBenchmarkManifest/manifest-merger-blame-fdroid-benchmark-report.txt
1<?xml version="1.0" encoding="utf-8"?>
2<manifest xmlns:android="http://schemas.android.com/apk/res/android"
3    package="com.v2ray.ang.macrobenchmark" >
4
5    <uses-sdk
5-->fdroid/benchmark/tempFile2ProcessTestManifest12376747235868443360.xml:5:5-7:41
6        android:minSdkVersion="28"
6-->fdroid/benchmark/tempFile2ProcessTestManifest12376747235868443360.xml:6:9-35
7        android:targetSdkVersion="36" />
7-->fdroid/benchmark/tempFile2ProcessTestManifest12376747235868443360.xml:7:9-38
8
9    <instrumentation
9-->fdroid/benchmark/tempFile2ProcessTestManifest12376747235868443360.xml:9:5-14:64
10        android:name="androidx.test.runner.AndroidJUnitRunner"
10-->fdroid/benchmark/tempFile2ProcessTestManifest12376747235868443360.xml:10:9-63
11        android:functionalTest="false"
11-->fdroid/benchmark/tempFile2ProcessTestManifest12376747235868443360.xml:11:9-39
12        android:handleProfiling="false"
12-->fdroid/benchmark/tempFile2ProcessTestManifest12376747235868443360.xml:12:9-40
13        android:label="Tests for com.v2ray.ang.macrobenchmark"
13-->fdroid/benchmark/tempFile2ProcessTestManifest12376747235868443360.xml:13:9-63
14        android:targetPackage="com.v2ray.ang.macrobenchmark" />
14-->fdroid/benchmark/tempFile2ProcessTestManifest12376747235868443360.xml:14:9-61
15
16    <uses-permission android:name="android.permission.QUERY_ALL_PACKAGES" />
16-->[androidx.benchmark:benchmark-macro:1.4.1] AndroidManifest.xml:23:5-25:53
16-->[androidx.benchmark:benchmark-macro:1.4.1] AndroidManifest.xml:24:9-61
17    <!--
18         Internet permission is required for perfetto trace shell processor http server but
19        it's used to reach localhost only
20    -->
21    <uses-permission android:name="android.permission.INTERNET" />
21-->[androidx.benchmark:benchmark-macro:1.4.1] AndroidManifest.xml:31:5-67
21-->[androidx.benchmark:benchmark-macro:1.4.1] AndroidManifest.xml:31:22-64
22    <!--
23    This is needed to write benchmark report data to an external directory during instrumented
24    tests to allow the accompanying androidx.benchmark gradle plugin to pull the reports onto host
25     machine after the tests are done running.
26    -->
27    <uses-permission android:name="android.permission.WRITE_EXTERNAL_STORAGE" />
27-->[androidx.benchmark:benchmark-common:1.4.1] AndroidManifest.xml:27:5-81
27-->[androidx.benchmark:benchmark-common:1.4.1] AndroidManifest.xml:27:22-78
28    <uses-permission android:name="android.permission.READ_EXTERNAL_STORAGE" />
29    <uses-permission android:name="android.permission.REORDER_TASKS" />
29-->[androidx.test:core:1.7.0] AndroidManifest.xml:24:5-72
29-->[androidx.test:core:1.7.0] AndroidManifest.xml:24:22-69
30
31    <queries>
31-->[androidx.test:runner:1.5.2] AndroidManifest.xml:24:5-28:15
32        <package android:name="androidx.test.orchestrator" />
32-->[androidx.test:runner:1.5.2] AndroidManifest.xml:25:9-62
32-->[androidx.test:runner:1.5.2] AndroidManifest.xml:25:18-59
33        <package android:name="androidx.test.services" />
33-->[androidx.test:runner:1.5.2] AndroidManifest.xml:26:9-58
33-->[androidx.test:runner:1.5.2] AndroidManifest.xml:26:18-55
34        <package android:name="com.google.android.apps.common.testing.services" />
34-->[androidx.test:runner:1.5.2] AndroidManifest.xml:27:9-83
34-->[androidx.test:runner:1.5.2] AndroidManifest.xml:27:18-80
35    </queries>
36
37    <permission
37-->[androidx.core:core:1.9.0] AndroidManifest.xml:22:5-24:47
38        android:name="com.v2ray.ang.macrobenchmark.DYNAMIC_RECEIVER_NOT_EXPORTED_PERMISSION"
38-->[androidx.core:core:1.9.0] AndroidManifest.xml:23:9-81
39        android:protectionLevel="signature" />
39-->[androidx.core:core:1.9.0] AndroidManifest.xml:24:9-44
40
41    <uses-permission android:name="com.v2ray.ang.macrobenchmark.DYNAMIC_RECEIVER_NOT_EXPORTED_PERMISSION" />
41-->[androidx.core:core:1.9.0] AndroidManifest.xml:26:5-97
41-->[androidx.core:core:1.9.0] AndroidManifest.xml:26:22-94
42
43    <application
43-->fdroid/benchmark/tempFile2ProcessTestManifest12376747235868443360.xml:16:5-20
44        android:appComponentFactory="androidx.core.app.CoreComponentFactory"
44-->[androidx.core:core:1.9.0] AndroidManifest.xml:28:18-86
45        android:extractNativeLibs="false"
46        android:networkSecurityConfig="@xml/network_security_config" > <!-- Activity used to block background content while benchmarks are running -->
46-->[androidx.benchmark:benchmark-macro:1.4.1] AndroidManifest.xml:42:18-78
47        <activity
47-->[androidx.benchmark:benchmark-common:1.4.1] AndroidManifest.xml:32:9-36:20
48            android:name="androidx.benchmark.IsolationActivity"
48-->[androidx.benchmark:benchmark-common:1.4.1] AndroidManifest.xml:33:13-64
49            android:exported="true"
49-->[androidx.benchmark:benchmark-common:1.4.1] AndroidManifest.xml:34:13-36
50            android:theme="@android:style/Theme.Light.NoTitleBar.Fullscreen" >
50-->[androidx.benchmark:benchmark-common:1.4.1] AndroidManifest.xml:35:13-77
51        </activity>
52        <activity
52-->[androidx.test:core:1.7.0] AndroidManifest.xml:27:9-34:20
53            android:name="androidx.test.core.app.InstrumentationActivityInvoker$BootstrapActivity"
53-->[androidx.test:core:1.7.0] AndroidManifest.xml:28:13-99
54            android:exported="true"
54-->[androidx.test:core:1.7.0] AndroidManifest.xml:29:13-36
55            android:theme="@style/WhiteBackgroundTheme" >
55-->[androidx.test:core:1.7.0] AndroidManifest.xml:30:13-56
56            <intent-filter android:priority="-100" >
56-->[androidx.test:core:1.7.0] AndroidManifest.xml:31:13-33:29
56-->[androidx.test:core:1.7.0] AndroidManifest.xml:31:28-51
57                <category android:name="android.intent.category.LAUNCHER" />
57-->[androidx.test:core:1.7.0] AndroidManifest.xml:32:17-77
57-->[androidx.test:core:1.7.0] AndroidManifest.xml:32:27-74
58            </intent-filter>
59        </activity>
60        <activity
60-->[androidx.test:core:1.7.0] AndroidManifest.xml:35:9-42:20
61            android:name="androidx.test.core.app.InstrumentationActivityInvoker$EmptyActivity"
61-->[androidx.test:core:1.7.0] AndroidManifest.xml:36:13-95
62            android:exported="true"
62-->[androidx.test:core:1.7.0] AndroidManifest.xml:37:13-36
63            android:theme="@style/WhiteBackgroundTheme" >
63-->[androidx.test:core:1.7.0] AndroidManifest.xml:38:13-56
64            <intent-filter android:priority="-100" >
64-->[androidx.test:core:1.7.0] AndroidManifest.xml:31:13-33:29
64-->[androidx.test:core:1.7.0] AndroidManifest.xml:31:28-51
65                <category android:name="android.intent.category.LAUNCHER" />
65-->[androidx.test:core:1.7.0] AndroidManifest.xml:32:17-77
65-->[androidx.test:core:1.7.0] AndroidManifest.xml:32:27-74
66            </intent-filter>
67        </activity>
68        <activity
68-->[androidx.test:core:1.7.0] AndroidManifest.xml:43:9-50:20
69            android:name="androidx.test.core.app.InstrumentationActivityInvoker$EmptyFloatingActivity"
69-->[androidx.test:core:1.7.0] AndroidManifest.xml:44:13-103
70            android:exported="true"
70-->[androidx.test:core:1.7.0] AndroidManifest.xml:45:13-36
71            android:theme="@style/WhiteBackgroundDialogTheme" >
71-->[androidx.test:core:1.7.0] AndroidManifest.xml:46:13-62
72            <intent-filter android:priority="-100" >
72-->[androidx.test:core:1.7.0] AndroidManifest.xml:31:13-33:29
72-->[androidx.test:core:1.7.0] AndroidManifest.xml:31:28-51
73                <category android:name="android.intent.category.LAUNCHER" />
73-->[androidx.test:core:1.7.0] AndroidManifest.xml:32:17-77
73-->[androidx.test:core:1.7.0] AndroidManifest.xml:32:27-74
74            </intent-filter>
75        </activity>
76
77        <provider
77-->[androidx.profileinstaller:profileinstaller:1.4.1] AndroidManifest.xml:24:9-32:20
78            android:name="androidx.startup.InitializationProvider"
78-->[androidx.profileinstaller:profileinstaller:1.4.1] AndroidManifest.xml:25:13-67
79            android:authorities="com.v2ray.ang.macrobenchmark.androidx-startup"
79-->[androidx.profileinstaller:profileinstaller:1.4.1] AndroidManifest.xml:26:13-68
80            android:exported="false" >
80-->[androidx.profileinstaller:profileinstaller:1.4.1] AndroidManifest.xml:27:13-37
81            <meta-data
81-->[androidx.profileinstaller:profileinstaller:1.4.1] AndroidManifest.xml:29:13-31:52
82                android:name="androidx.profileinstaller.ProfileInstallerInitializer"
82-->[androidx.profileinstaller:profileinstaller:1.4.1] AndroidManifest.xml:30:17-85
83                android:value="androidx.startup" />
83-->[androidx.profileinstaller:profileinstaller:1.4.1] AndroidManifest.xml:31:17-49
84            <meta-data
84-->[androidx.tracing:tracing-perfetto:1.0.0] AndroidManifest.xml:44:13-46:52
85                android:name="androidx.tracing.perfetto.StartupTracingInitializer"
85-->[androidx.tracing:tracing-perfetto:1.0.0] AndroidManifest.xml:45:17-83
86                android:value="androidx.startup" />
86-->[androidx.tracing:tracing-perfetto:1.0.0] AndroidManifest.xml:46:17-49
87        </provider>
88
89        <receiver
89-->[androidx.profileinstaller:profileinstaller:1.4.1] AndroidManifest.xml:34:9-52:20
90            android:name="androidx.profileinstaller.ProfileInstallReceiver"
90-->[androidx.profileinstaller:profileinstaller:1.4.1] AndroidManifest.xml:35:13-76
91            android:directBootAware="false"
91-->[androidx.profileinstaller:profileinstaller:1.4.1] AndroidManifest.xml:36:13-44
92            android:enabled="true"
92-->[androidx.profileinstaller:profileinstaller:1.4.1] AndroidManifest.xml:37:13-35
93            android:exported="true"
93-->[androidx.profileinstaller:profileinstaller:1.4.1] AndroidManifest.xml:38:13-36
94            android:permission="android.permission.DUMP" >
94-->[androidx.profileinstaller:profileinstaller:1.4.1] AndroidManifest.xml:39:13-57
95            <intent-filter>
95-->[androidx.profileinstaller:profileinstaller:1.4.1] AndroidManifest.xml:40:13-42:29
96                <action android:name="androidx.profileinstaller.action.INSTALL_PROFILE" />
96-->[androidx.profileinstaller:profileinstaller:1.4.1] AndroidManifest.xml:41:17-91
96-->[androidx.profileinstaller:profileinstaller:1.4.1] AndroidManifest.xml:41:25-88
97            </intent-filter>
98            <intent-filter>
98-->[androidx.profileinstaller:profileinstaller:1.4.1] AndroidManifest.xml:43:13-45:29
99                <action android:name="androidx.profileinstaller.action.SKIP_FILE" />
99-->[androidx.profileinstaller:profileinstaller:1.4.1] AndroidManifest.xml:44:17-85
99-->[androidx.profileinstaller:profileinstaller:1.4.1] AndroidManifest.xml:44:25-82
100            </intent-filter>
101            <intent-filter>
101-->[androidx.profileinstaller:profileinstaller:1.4.1] AndroidManifest.xml:46:13-48:29
102                <action android:name="androidx.profileinstaller.action.SAVE_PROFILE" />
102-->[androidx.profileinstaller:profileinstaller:1.4.1] AndroidManifest.xml:47:17-88
102-->[androidx.profileinstaller:profileinstaller:1.4.1] AndroidManifest.xml:47:25-85
103            </intent-filter>
104            <intent-filter>
104-->[androidx.profileinstaller:profileinstaller:1.4.1] AndroidManifest.xml:49:13-51:29
105                <action android:name="androidx.profileinstaller.action.BENCHMARK_OPERATION" />
105-->[androidx.profileinstaller:profileinstaller:1.4.1] AndroidManifest.xml:50:17-95
105-->[androidx.profileinstaller:profileinstaller:1.4.1] AndroidManifest.xml:50:25-92
106            </intent-filter>
107        </receiver>
108        <receiver
108-->[androidx.tracing:tracing-perfetto:1.0.0] AndroidManifest.xml:24:9-37:20
109            android:name="androidx.tracing.perfetto.TracingReceiver"
109-->[androidx.tracing:tracing-perfetto:1.0.0] AndroidManifest.xml:25:13-69
110            android:directBootAware="false"
110-->[androidx.tracing:tracing-perfetto:1.0.0] AndroidManifest.xml:26:13-44
111            android:enabled="true"
111-->[androidx.tracing:tracing-perfetto:1.0.0] AndroidManifest.xml:27:13-35
112            android:exported="true"
112-->[androidx.tracing:tracing-perfetto:1.0.0] AndroidManifest.xml:28:13-36
113            android:permission="android.permission.DUMP" >
113-->[androidx.tracing:tracing-perfetto:1.0.0] AndroidManifest.xml:29:13-57
114
115            <!-- Note: DUMP above highly limits who can call the receiver; Shell has DUMP perm. -->
116            <intent-filter>
116-->[androidx.tracing:tracing-perfetto:1.0.0] AndroidManifest.xml:32:13-36:29
117                <action android:name="androidx.tracing.perfetto.action.ENABLE_TRACING" />
117-->[androidx.tracing:tracing-perfetto:1.0.0] AndroidManifest.xml:33:17-90
117-->[androidx.tracing:tracing-perfetto:1.0.0] AndroidManifest.xml:33:25-87
118                <action android:name="androidx.tracing.perfetto.action.ENABLE_TRACING_COLD_START" />
118-->[androidx.tracing:tracing-perfetto:1.0.0] AndroidManifest.xml:34:17-101
118-->[androidx.tracing:tracing-perfetto:1.0.0] AndroidManifest.xml:34:25-98
119                <action android:name="androidx.tracing.perfetto.action.DISABLE_TRACING_COLD_START" />
119-->[androidx.tracing:tracing-perfetto:1.0.0] AndroidManifest.xml:35:17-102
119-->[androidx.tracing:tracing-perfetto:1.0.0] AndroidManifest.xml:35:25-99
120            </intent-filter>
121        </receiver>
122        <receiver
122-->[androidx.tracing:tracing-perfetto:1.0.0] AndroidManifest.xml:49:9-55:20
123            android:name="androidx.tracing.perfetto.StartupTracingConfigStoreIsEnabledGate"
123-->[androidx.tracing:tracing-perfetto:1.0.0] AndroidManifest.xml:50:13-92
124            android:directBootAware="false"
124-->[androidx.tracing:tracing-perfetto:1.0.0] AndroidManifest.xml:51:13-44
125            android:enabled="false"
125-->[androidx.tracing:tracing-perfetto:1.0.0] AndroidManifest.xml:52:13-36
126            android:exported="false" >
126-->[androidx.tracing:tracing-perfetto:1.0.0] AndroidManifest.xml:53:13-37
127        </receiver>
128    </application>
129
130</manifest>